<?xml version="1.0" encoding="UTF-8"?>
<!-- Generated by org.testng.reporters.JUnitReportReporter -->
<testsuite skipped="0" hostname="DESKTOP-DTP0SGS" name="test.BankAndCashTest" tests="1" failures="0" timestamp="2021-03-22T12:46:53 EDT" time="13.540" errors="0">
  <testcase name="validUserShouldAbleToAddNewAccount" time="13.540" classname="test.BankAndCashTest"/>
  <system-out/>
</testsuite> <!-- test.BankAndCashTest -->
