<?xml version="1.0" encoding="UTF-8"?>
<!-- Generated by org.testng.reporters.JUnitReportReporter -->
<testsuite skipped="0" hostname="DESKTOP-DTP0SGS" name="test.AddCustomerTest" tests="1" failures="0" timestamp="2021-03-21T10:07:38 EDT" time="11.835" errors="0">
  <testcase name="validUserShouldAbleToAddCustomer" time="11.835" classname="test.AddCustomerTest"/>
  <system-out/>
</testsuite> <!-- test.AddCustomerTest -->
